Microsoft HTML Help Compiler 4.74.8702

Compiling e:\学院2018\授课2018\网页设计  计应2017-123\program\programbanji.CHM

banji.html
css\banji.css
images\11.jpg
images\jy2017_01.jpg
images\jy2017_03.jpg
images\jy2017_07.jpg
images\jy2017_09.jpg
images\jy2017_11.jpg
images\jy2017_14.jpg
images\jy2017_16.jpg
images\jy2017_18.jpg
images\jy2017_20.jpg
images\计应2017.jpg
TOC-Created-By-Easy-CHM.HHC
Index-Created-By-Easy-CHM.HHK

Compile time: 0 minutes, 0 seconds
3	Topics
4	Local links
0	Internet links
0	Graphics


Created e:\学院2018\授课2018\网页设计  计应2017-123\program\programbanji.CHM, 185,841 bytes
Compression decreased file by 40,628 bytes.
